Determining if files AVUTIL_INCLUDE_DIR-NOTFOUND/pixdesc.h exist failed with the following output:
Change Dir: /Users/akram/Developer/pangolin-hdr/build/CMakeFiles/CMakeTmp

Run Build Command:/Applications/CMake\ 2.8-8.app/Contents/bin/cmakexbuild -project CMAKE_TRY_COMPILE.xcodeproj build -target cmTryCompileExec3313881870 -configuration Debug
=== BUILD NATIVE TARGET cmTryCompileExec3313881870 OF PROJECT CMAKE_TRY_COMPILE WITH CONFIGURATION Debug ===
Check dependencies

CompileC CMAKE_TRY_COMPILE.build/Debug/cmTryCompileExec3313881870.build/Objects-normal/x86_64/CheckIncludeFiles.o CheckIncludeFiles.c normal x86_64 c com.apple.compilers.llvm.clang.1_0.compiler
    cd /Users/akram/Developer/pangolin-hdr/build/CMakeFiles/CMakeTmp
    /Applications/Xcode.app/Contents/Developer/Toolchains/XcodeDefault.xctoolchain/usr/bin/clang -x c -arch x86_64 -fmessage-length=0 -Wno-trigraphs -fpascal-strings -O0 -Wno-missing-field-initializers -Wno-missing-prototypes -Wno-return-type -Wformat -Wno-missing-braces -Wparentheses -Wswitch -Wno-unused-function -Wno-unused-label -Wno-unused-parameter -Wno-unused-variable -Wunused-value -Wno-uninitialized -Wno-unknown-pragmas -Wno-shadow -Wno-four-char-constants -Wno-sign-compare -Wno-shorten-64-to-32 -Wpointer-sign -Wno-newline-eof "-DCMAKE_INTDIR=\"Debug\"" -isysroot /Applications/Xcode.app/Contents/Developer/Platforms/M** BUILD FAILED **


The following build commands failed:
	CompileC CMAKE_TRY_COMPILE.build/Debug/cmTryCompileExec3313881870.build/Objects-normal/x86_64/CheckIncludeFiles.o CheckIncludeFiles.c normal x86_64 c com.apple.compilers.llvm.clang.1_0.compiler
acOSX.platform/Developer/SDKs/MacOSX10.7.sdk -fasm-blocks -Wdeprecated-declarations -mmacosx-version-min=10.7 -g -Wno-conversion -Wno-sign-conversion -I/Users/akram/Developer/pangolin-hdr/build/CMakeFiles/CMakeTmp/Debug/include -I/Users/akram/Developer/pangolin-hdr/build/CMakeFiles/CMakeTmp/CMAKE_TRY_COMPILE.build/Debug/cmTryCompileExec3313881870.build/DerivedSources/x86_64 -I/Users/akram/Developer/pangolin-hdr/build/CMakeFiles/CMakeTmp/CMAKE_TRY_COMPILE.build/Debug/cmTryCompileExec3313881870.build/DerivedSources -Wmost -Wno-four-char-constants -Wno-unknown-pragmas -F/Users/akram/Developer/pangolin-hdr/build/CMakeFiles/CMakeTmp/Debug -MMD -MT dependencies -MF /Users/akram/Developer/pangolin-hdr/build/CMakeFiles/CMakeTmp/CMAKE_TRY_COMPILE.build/Debug/cmTryCompileExec3313881870.build/Objects-normal/x86_64/CheckIncludeFiles.d --serialize-diagnostics /Users/akram/Developer/pangolin-hdr/build/CMakeFiles/CMakeTmp/CMAKE_TRY_COMPILE.build/Debug/cmTryCompileExec3313881870.build/Objects-normal/x86_64/CheckIncludeFiles.(1 failure)
dia -c /Users/akram/Developer/pangolin-hdr/build/CMakeFiles/CMakeTmp/CheckIncludeFiles.c -o /Users/akram/Developer/pangolin-hdr/build/CMakeFiles/CMakeTmp/CMAKE_TRY_COMPILE.build/Debug/cmTryCompileExec3313881870.build/Objects-normal/x86_64/CheckIncludeFiles.o
/Users/akram/Developer/pangolin-hdr/build/CMakeFiles/CMakeTmp/CheckIncludeFiles.c:2:10: fatal error: 'AVUTIL_INCLUDE_DIR-NOTFOUND/pixdesc.h' file not found
#include <AVUTIL_INCLUDE_DIR-NOTFOUND/pixdesc.h>
         ^
1 error generated.



Source:
/* */
#include <AVUTIL_INCLUDE_DIR-NOTFOUND/pixdesc.h>


int main(){return 0;}

