The system is: Darwin - 11.4.0 - i386
Compiling the C compiler identification source file "CMakeCCompilerId.c" succeeded.
Compiler: /usr/bin/gcc 
Build flags: 
Id flags: 

The output was:
0


Compilation of the C compiler identification source "CMakeCCompilerId.c" produced "a.out"

The C compiler identification is GNU, found in "/Users/akram/Developer/pangolin-hdr/build/CMakeFiles/CompilerIdC/a.out"

Compiling the CXX compiler identification source file "CMakeCXXCompilerId.cpp" succeeded.
Compiler: /usr/bin/g++ 
Build flags: 
Id flags: 

The output was:
0


Compilation of the CXX compiler identification source "CMakeCXXCompilerId.cpp" produced "a.out"

The CXX compiler identification is GNU, found in "/Users/akram/Developer/pangolin-hdr/build/CMakeFiles/CompilerIdCXX/a.out"

Determining if the C compiler works passed with the following output:
Change Dir: /Users/akram/Developer/pangolin-hdr/build/CMakeFiles/CMakeTmp

Run Build Command:/Applications/CMake\ 2.8-8.app/Contents/bin/cmakexbuild -project CMAKE_TRY_COMPILE.xcodeproj build -target cmTryCompileExec3478353782 -configuration Debug
=== BUILD NATIVE TARGET cmTryCompileExec3478353782 OF PROJECT CMAKE_TRY_COMPILE WITH CONFIGURATION Debug ===
Check dependencies

CompileC CMAKE_TRY_COMPILE.build/Debug/cmTryCompileExec3478353782.build/Objects-normal/x86_64/testCCompiler.o testCCompiler.c normal x86_64 c com.apple.compilers.llvm.clang.1_0.compiler
    cd /Users/akram/Developer/pangolin-hdr/build/CMakeFiles/CMakeTmp
    /Applications/Xcode.app/Contents/Developer/Toolchains/XcodeDefault.xctoolchain/usr/bin/clang -x c -arch x86_64 -fmessage-length=0 -Wno-trigraphs -fpascal-strings -O0 -Wno-missing-field-initializers -Wno-missing-prototypes -Wno-return-type -Wformat -Wno-missing-braces -Wparentheses -Wswitch -Wno-unused-function -Wno-unused-label -Wno-unused-parameter -Wno-unused-variable -Wunused-value -Wno-uninitialized -Wno-unknown-pragmas -Wno-shadow -Wno-four-char-constants -Wno-sign-compare -Wno-shorten-64-to-32 -Wpointer-sign -Wno-newline-eof "-DCMAKE_INTDIR=\"Debug\"" -isysroot /Applications/Xcode.app/Contents/Developer/Platforms/MacOSX.platform/Developer/SDKs/MacOSX10.7.sdk -fasm-blocks -Wdeprecated-declarations -mmacosx-version-min=10.7 -g -Wno-conversion -Wno-sign-conversion -I/Users/akram/Developer/pangolin-hdr/build/CMakeFiles/CMakeTmp/Debug/include -I/Users/akram/Developer/pangolin-hdr/build/CMakeFiles/CMakeTmp/CMAKE_TRY_COMPILE.build/Debug/cmTryCompileExec3478353782.build/DerivedSources/x86_64 -I/Users/akram/Developer/pangolin-hdr/build/CMakeFiles/CMakeTmp/CMAKE_TRY_COMPILE.build/Debug/cmTryCompileExec3478353782.build/DerivedSources -Wmost -Wno-four-char-constants -Wno-unknown-pragmas -F/Users/akram/Developer/pangolin-hdr/build/CMakeFiles/CMakeTmp/Debug -MMD -MT dependencies -MF /Users/akram/Developer/pangolin-hdr/build/CMakeFiles/CMakeTmp/CMAKE_TRY_COMPILE.build/Debug/cmTryCompileExec3478353782.build/Objects-normal/x86_64/testCCompiler.d --serialize-diagnostics /Users/akram/Developer/pangolin-hdr/build/CMakeFiles/CMakeTmp/CMAKE_TRY_COMPILE.build/Debug/cmTryCompileExec3478353782.build/Objects-normal/x86_64/testCCompiler.dia -c /Users/akram/Developer/pangolin-hdr/build/CMakeFiles/CMakeTmp/testCCompiler.c -o /Users/akram/Developer/pangolin-hdr/build/CMakeFiles/CMakeTmp/CMAKE_TRY_COMPILE.build/Debug/cmTryCompileExec3478353782.build/Objects-normal/x86_64/testCCompiler.o

Ld Debug/cmTryCompileExec3478353782 normal x86_64
    cd /Users/akram/Developer/pangolin-hdr/build/CMakeFiles/CMakeTmp
    /Applications/Xcode.app/Contents/Developer/Toolchains/XcodeDefault.xctoolchain/usr/bin/clang -arch x86_64 -isysroot /Applications/Xcode.app/Contents/Developer/Platforms/MacOSX.platform/Developer/SDKs/MacOSX10.7.sdk -L/Users/akram/Developer/pangolin-hdr/build/CMakeFiles/CMakeTmp/Debug -F/Users/akram/Developer/pangolin-hdr/build/CMakeFiles/CMakeTmp/Debug -filelist /Users/akram/Developer/pangolin-hdr/build/CMakeFiles/CMakeTmp/CMAKE_TRY_COMPILE.build/Debug/cmTryCompileExec3478353782.build/Objects-normal/x86_64/cmTryCompileExec3478353782.LinkFileList -mmacosx-version-min=10.7 -Wl,-search_paths_first -Wl,-headerpad_max_install_names -o /Users/akram/Developer/pangolin-hdr/build/CMakeFiles/CMakeTmp/Debug/cmTryCompileExec3478353782

PhaseScriptExecution "CMake PostBuild Rules" CMAKE_TRY_COMPILE.build/Debug/cmTryCompileExec3478353782.build/Script-7BA57771B821436AA0B1DE82.sh
    cd /Users/akram/Developer/pangolin-hdr/build/CMakeFiles/CMakeTmp
    /bin/sh -c /Users/akram/Developer/pangolin-hdr/build/CMakeFiles/CMakeTmp/CMAKE_TRY_COMPILE.build/Debug/cmTryCompileExec3478353782.build/Script-7BA57771B821436AA0B1DE82.sh
echo "Depend check for xcode"
Depend check for xcode
cd /Users/akram/Developer/pangolin-hdr/build/CMakeFiles/CMakeTmp && make -C /Users/akram/Developer/pangolin-hdr/build/CMakeFiles/CMakeTmp -f /Users/akram/Developer/pangolin-hdr/build/CMakeFiles/CMakeTmp/CMakeScripts/XCODE_DEPEND_HELPER.make PostBuild.cmTryCompileExec3478353782.Debug
make[1]: Nothing to be done for `PostBuild.cmTryCompileExec3478353782.Debug'.


** BUILD SUCCEEDED **



Detecting C compiler ABI info compiled with the following output:
Change Dir: /Users/akram/Developer/pangolin-hdr/build/CMakeFiles/CMakeTmp

Run Build Command:/Applications/CMake\ 2.8-8.app/Contents/bin/cmakexbuild -project CMAKE_TRY_COMPILE.xcodeproj build -target cmTryCompileExec228257664 -configuration Debug
=== BUILD NATIVE TARGET cmTryCompileExec228257664 OF PROJECT CMAKE_TRY_COMPILE WITH CONFIGURATION Debug ===
Check dependencies

CompileC CMAKE_TRY_COMPILE.build/Debug/cmTryCompileExec228257664.build/Objects-normal/x86_64/CMakeCCompilerABI.o "../../../../../../../Applications/CMake 2.8-8.app/Contents/share/cmake-2.8/Modules/CMakeCCompilerABI.c" normal x86_64 c com.apple.compilers.llvm.clang.1_0.compiler
    cd /Users/akram/Developer/pangolin-hdr/build/CMakeFiles/CMakeTmp
    /Applications/Xcode.app/Contents/Developer/Toolchains/XcodeDefault.xctoolchain/usr/bin/clang -x c -arch x86_64 -fmessage-length=0 -Wno-trigraphs -fpascal-strings -O0 -Wno-missing-field-initializers -Wno-missing-prototypes -Wno-return-type -Wformat -Wno-missing-braces -Wparentheses -Wswitch -Wno-unused-function -Wno-unused-label -Wno-unused-parameter -Wno-unused-variable -Wunused-value -Wno-uninitialized -Wno-unknown-pragmas -Wno-shadow -Wno-four-char-constants -Wno-sign-compare -Wno-shorten-64-to-32 -Wpointer-sign -Wno-newline-eof "-DCMAKE_INTDIR=\"Debug\"" -isysroot /Applications/Xcode.app/Contents/Developer/Platforms/MacOSX.platform/Developer/SDKs/MacOSX10.7.sdk -fasm-blocks -Wdeprecated-declarations -mmacosx-version-min=10.7 -g -Wno-conversion -Wno-sign-conversion -I/Users/akram/Developer/pangolin-hdr/build/CMakeFiles/CMakeTmp/Debug/include -I/Users/akram/Developer/pangolin-hdr/build/CMakeFiles/CMakeTmp/CMAKE_TRY_COMPILE.build/Debug/cmTryCompileExec228257664.build/DerivedSources/x86_64 -I/Users/akram/Developer/pangolin-hdr/build/CMakeFiles/CMakeTmp/CMAKE_TRY_COMPILE.build/Debug/cmTryCompileExec228257664.build/DerivedSources -Wmost -Wno-four-char-constants -Wno-unknown-pragmas -F/Users/akram/Developer/pangolin-hdr/build/CMakeFiles/CMakeTmp/Debug -MMD -MT dependencies -MF /Users/akram/Developer/pangolin-hdr/build/CMakeFiles/CMakeTmp/CMAKE_TRY_COMPILE.build/Debug/cmTryCompileExec228257664.build/Objects-normal/x86_64/CMakeCCompilerABI.d --serialize-diagnostics /Users/akram/Developer/pangolin-hdr/build/CMakeFiles/CMakeTmp/CMAKE_TRY_COMPILE.build/Debug/cmTryCompileExec228257664.build/Objects-normal/x86_64/CMakeCCompilerABI.dia -c "/Users/akram/Developer/pangolin-hdr/build/CMakeFiles/CMakeTmp/../../../../../../../Applications/CMake 2.8-8.app/Contents/share/cmake-2.8/Modules/CMakeCCompilerABI.c" -o /Users/akram/Developer/pangolin-hdr/build/CMakeFiles/CMakeTmp/CMAKE_TRY_COMPILE.build/Debug/cmTryCompileExec228257664.build/Objects-normal/x86_64/CMakeCCompilerABI.o

Ld Debug/cmTryCompileExec228257664 normal x86_64
    cd /Users/akram/Developer/pangolin-hdr/build/CMakeFiles/CMakeTmp
    /Applications/Xcode.app/Contents/Developer/Toolchains/XcodeDefault.xctoolchain/usr/bin/clang -arch x86_64 -isysroot /Applications/Xcode.app/Contents/Developer/Platforms/MacOSX.platform/Developer/SDKs/MacOSX10.7.sdk -L/Users/akram/Developer/pangolin-hdr/build/CMakeFiles/CMakeTmp/Debug -F/Users/akram/Developer/pangolin-hdr/build/CMakeFiles/CMakeTmp/Debug -filelist /Users/akram/Developer/pangolin-hdr/build/CMakeFiles/CMakeTmp/CMAKE_TRY_COMPILE.build/Debug/cmTryCompileExec228257664.build/Objects-normal/x86_64/cmTryCompileExec228257664.LinkFileList -mmacosx-version-min=10.7 -v -Wl,-search_paths_first -Wl,-headerpad_max_install_names -o /Users/akram/Developer/pangolin-hdr/build/CMakeFiles/CMakeTmp/Debug/cmTryCompileExec228257664
Apple clang version 3.1 (tags/Apple/clang-318.0.61) (based on LLVM 3.1svn)
Target: x86_64-apple-darwin11.4.0
Thread model: posix
 "/Applications/Xcode.app/Contents/Developer/Toolchains/XcodeDefault.xctoolchain/usr/bin/ld" -demangle -dynamic -arch x86_64 -macosx_version_min 10.7.0 -syslibroot /Applications/Xcode.app/Contents/Developer/Platforms/MacOSX.platform/Developer/SDKs/MacOSX10.7.sdk -o /Users/akram/Developer/pangolin-hdr/build/CMakeFiles/CMakeTmp/Debug/cmTryCompileExec228257664 -lcrt1.10.6.o -L/Users/akram/Developer/pangolin-hdr/build/CMakeFiles/CMakeTmp/Debug -filelist /Users/akram/Developer/pangolin-hdr/build/CMakeFiles/CMakeTmp/CMAKE_TRY_COMPILE.build/Debug/cmTryCompileExec228257664.build/Objects-normal/x86_64/cmTryCompileExec228257664.LinkFileList -search_paths_first -headerpad_max_install_names -lSystem /Applications/Xcode.app/Contents/Developer/Toolchains/XcodeDefault.xctoolchain/usr/bin/../lib/clang/3.1/lib/darwin/libclang_rt.osx.a -F/Users/akram/Developer/pangolin-hdr/build/CMakeFiles/CMakeTmp/Debug

PhaseScriptExecution "CMake PostBuild Rules" CMAKE_TRY_COMPILE.build/Debug/cmTryCompileExec228257664.build/Script-E58E9D8E0C8140379A2AC985.sh
    cd /Users/akram/Developer/pangolin-hdr/build/CMakeFiles/CMakeTmp
    /bin/sh -c /Users/akram/Developer/pangolin-hdr/build/CMakeFiles/CMakeTmp/CMAKE_TRY_COMPILE.build/Debug/cmTryCompileExec228257664.build/Script-E58E9D8E0C8140379A2AC985.sh
echo "Depend check for xcode"
Depend check for xcode
cd /Users/akram/Developer/pangolin-hdr/build/CMakeFiles/CMakeTmp && make -C /Users/akram/Developer/pangolin-hdr/build/CMakeFiles/CMakeTmp -f /Users/akram/Developer/pangolin-hdr/build/CMakeFiles/CMakeTmp/CMakeScripts/XCODE_DEPEND_HELPER.make PostBuild.cmTryCompileExec228257664.Debug
make[1]: Nothing to be done for `PostBuild.cmTryCompileExec228257664.Debug'.


** BUILD SUCCEEDED **



Determining if the CXX compiler works passed with the following output:
Change Dir: /Users/akram/Developer/pangolin-hdr/build/CMakeFiles/CMakeTmp

Run Build Command:/Applications/CMake\ 2.8-8.app/Contents/bin/cmakexbuild -project CMAKE_TRY_COMPILE.xcodeproj build -target cmTryCompileExec715250893 -configuration Debug
=== BUILD NATIVE TARGET cmTryCompileExec715250893 OF PROJECT CMAKE_TRY_COMPILE WITH CONFIGURATION Debug ===
Check dependencies

CompileC CMAKE_TRY_COMPILE.build/Debug/cmTryCompileExec715250893.build/Objects-normal/x86_64/testCXXCompiler.o testCXXCompiler.cxx normal x86_64 c++ com.apple.compilers.llvm.clang.1_0.compiler
    cd /Users/akram/Developer/pangolin-hdr/build/CMakeFiles/CMakeTmp
    /Applications/Xcode.app/Contents/Developer/Toolchains/XcodeDefault.xctoolchain/usr/bin/clang -x c++ -arch x86_64 -fmessage-length=0 -Wno-trigraphs -fpascal-strings -O0 -Wno-missing-field-initializers -Wno-missing-prototypes -Wno-return-type -Wno-non-virtual-dtor -Wno-overloaded-virtual -Wno-exit-time-destructors -Wformat -Wno-missing-braces -Wparentheses -Wswitch -Wno-unused-function -Wno-unused-label -Wno-unused-parameter -Wno-unused-variable -Wunused-value -Wno-uninitialized -Wno-unknown-pragmas -Wno-shadow -Wno-four-char-constants -Wno-sign-compare -Wno-shorten-64-to-32 -Wno-newline-eof -Wc++11-extensions "-DCMAKE_INTDIR=\"Debug\"" -isysroot /Applications/Xcode.app/Contents/Developer/Platforms/MacOSX.platform/Developer/SDKs/MacOSX10.7.sdk -fasm-blocks -Wdeprecated-declarations -Winvalid-offsetof -mmacosx-version-min=10.7 -Wno-conversion -Wno-sign-conversion -I/Users/akram/Developer/pangolin-hdr/build/CMakeFiles/CMakeTmp/Debug/include -I/Users/akram/Developer/pangolin-hdr/build/CMakeFiles/CMakeTmp/CMAKE_TRY_COMPILE.build/Debug/cmTryCompileExec715250893.build/DerivedSources/x86_64 -I/Users/akram/Developer/pangolin-hdr/build/CMakeFiles/CMakeTmp/CMAKE_TRY_COMPILE.build/Debug/cmTryCompileExec715250893.build/DerivedSources -Wmost -Wno-four-char-constants -Wno-unknown-pragmas -F/Users/akram/Developer/pangolin-hdr/build/CMakeFiles/CMakeTmp/Debug -g -MMD -MT dependencies -MF /Users/akram/Developer/pangolin-hdr/build/CMakeFiles/CMakeTmp/CMAKE_TRY_COMPILE.build/Debug/cmTryCompileExec715250893.build/Objects-normal/x86_64/testCXXCompiler.d --serialize-diagnostics /Users/akram/Developer/pangolin-hdr/build/CMakeFiles/CMakeTmp/CMAKE_TRY_COMPILE.build/Debug/cmTryCompileExec715250893.build/Objects-normal/x86_64/testCXXCompiler.dia -c /Users/akram/Developer/pangolin-hdr/build/CMakeFiles/CMakeTmp/testCXXCompiler.cxx -o /Users/akram/Developer/pangolin-hdr/build/CMakeFiles/CMakeTmp/CMAKE_TRY_COMPILE.build/Debug/cmTryCompileExec715250893.build/Objects-normal/x86_64/testCXXCompiler.o

Ld Debug/cmTryCompileExec715250893 normal x86_64
    cd /Users/akram/Developer/pangolin-hdr/build/CMakeFiles/CMakeTmp
    /Applications/Xcode.app/Contents/Developer/Toolchains/XcodeDefault.xctoolchain/usr/bin/clang++ -arch x86_64 -isysroot /Applications/Xcode.app/Contents/Developer/Platforms/MacOSX.platform/Developer/SDKs/MacOSX10.7.sdk -L/Users/akram/Developer/pangolin-hdr/build/CMakeFiles/CMakeTmp/Debug -F/Users/akram/Developer/pangolin-hdr/build/CMakeFiles/CMakeTmp/Debug -filelist /Users/akram/Developer/pangolin-hdr/build/CMakeFiles/CMakeTmp/CMAKE_TRY_COMPILE.build/Debug/cmTryCompileExec715250893.build/Objects-normal/x86_64/cmTryCompileExec715250893.LinkFileList -mmacosx-version-min=10.7 -Wl,-search_paths_first -Wl,-headerpad_max_install_names -o /Users/akram/Developer/pangolin-hdr/build/CMakeFiles/CMakeTmp/Debug/cmTryCompileExec715250893

PhaseScriptExecution "CMake PostBuild Rules" CMAKE_TRY_COMPILE.build/Debug/cmTryCompileExec715250893.build/Script-CE424C897CB7449B88969138.sh
    cd /Users/akram/Developer/pangolin-hdr/build/CMakeFiles/CMakeTmp
    /bin/sh -c /Users/akram/Developer/pangolin-hdr/build/CMakeFiles/CMakeTmp/CMAKE_TRY_COMPILE.build/Debug/cmTryCompileExec715250893.build/Script-CE424C897CB7449B88969138.sh
echo "Depend check for xcode"
Depend check for xcode
cd /Users/akram/Developer/pangolin-hdr/build/CMakeFiles/CMakeTmp && make -C /Users/akram/Developer/pangolin-hdr/build/CMakeFiles/CMakeTmp -f /Users/akram/Developer/pangolin-hdr/build/CMakeFiles/CMakeTmp/CMakeScripts/XCODE_DEPEND_HELPER.make PostBuild.cmTryCompileExec715250893.Debug
make[1]: Nothing to be done for `PostBuild.cmTryCompileExec715250893.Debug'.


** BUILD SUCCEEDED **



Detecting CXX compiler ABI info compiled with the following output:
Change Dir: /Users/akram/Developer/pangolin-hdr/build/CMakeFiles/CMakeTmp

Run Build Command:/Applications/CMake\ 2.8-8.app/Contents/bin/cmakexbuild -project CMAKE_TRY_COMPILE.xcodeproj build -target cmTryCompileExec1762765284 -configuration Debug
=== BUILD NATIVE TARGET cmTryCompileExec1762765284 OF PROJECT CMAKE_TRY_COMPILE WITH CONFIGURATION Debug ===
Check dependencies

CompileC CMAKE_TRY_COMPILE.build/Debug/cmTryCompileExec1762765284.build/Objects-normal/x86_64/CMakeCXXCompilerABI.o "../../../../../../../Applications/CMake 2.8-8.app/Contents/share/cmake-2.8/Modules/CMakeCXXCompilerABI.cpp" normal x86_64 c++ com.apple.compilers.llvm.clang.1_0.compiler
    cd /Users/akram/Developer/pangolin-hdr/build/CMakeFiles/CMakeTmp
    /Applications/Xcode.app/Contents/Developer/Toolchains/XcodeDefault.xctoolchain/usr/bin/clang -x c++ -arch x86_64 -fmessage-length=0 -Wno-trigraphs -fpascal-strings -O0 -Wno-missing-field-initializers -Wno-missing-prototypes -Wno-return-type -Wno-non-virtual-dtor -Wno-overloaded-virtual -Wno-exit-time-destructors -Wformat -Wno-missing-braces -Wparentheses -Wswitch -Wno-unused-function -Wno-unused-label -Wno-unused-parameter -Wno-unused-variable -Wunused-value -Wno-uninitialized -Wno-unknown-pragmas -Wno-shadow -Wno-four-char-constants -Wno-sign-compare -Wno-shorten-64-to-32 -Wno-newline-eof -Wc++11-extensions "-DCMAKE_INTDIR=\"Debug\"" -isysroot /Applications/Xcode.app/Contents/Developer/Platforms/MacOSX.platform/Developer/SDKs/MacOSX10.7.sdk -fasm-blocks -Wdeprecated-declarations -Winvalid-offsetof -mmacosx-version-min=10.7 -Wno-conversion -Wno-sign-conversion -I/Users/akram/Developer/pangolin-hdr/build/CMakeFiles/CMakeTmp/Debug/include -I/Users/akram/Developer/pangolin-hdr/build/CMakeFiles/CMakeTmp/CMAKE_TRY_COMPILE.build/Debug/cmTryCompileExec1762765284.build/DerivedSources/x86_64 -I/Users/akram/Developer/pangolin-hdr/build/CMakeFiles/CMakeTmp/CMAKE_TRY_COMPILE.build/Debug/cmTryCompileExec1762765284.build/DerivedSources -Wmost -Wno-four-char-constants -Wno-unknown-pragmas -F/Users/akram/Developer/pangolin-hdr/build/CMakeFiles/CMakeTmp/Debug -g -MMD -MT dependencies -MF /Users/akram/Developer/pangolin-hdr/build/CMakeFiles/CMakeTmp/CMAKE_TRY_COMPILE.build/Debug/cmTryCompileExec1762765284.build/Objects-normal/x86_64/CMakeCXXCompilerABI.d --serialize-diagnostics /Users/akram/Developer/pangolin-hdr/build/CMakeFiles/CMakeTmp/CMAKE_TRY_COMPILE.build/Debug/cmTryCompileExec1762765284.build/Objects-normal/x86_64/CMakeCXXCompilerABI.dia -c "/Users/akram/Developer/pangolin-hdr/build/CMakeFiles/CMakeTmp/../../../../../../../Applications/CMake 2.8-8.app/Contents/share/cmake-2.8/Modules/CMakeCXXCompilerABI.cpp" -o /Users/akram/Developer/pangolin-hdr/build/CMakeFiles/CMakeTmp/CMAKE_TRY_COMPILE.build/Debug/cmTryCompileExec1762765284.build/Objects-normal/x86_64/CMakeCXXCompilerABI.o

Ld Debug/cmTryCompileExec1762765284 normal x86_64
    cd /Users/akram/Developer/pangolin-hdr/build/CMakeFiles/CMakeTmp
    /Applications/Xcode.app/Contents/Developer/Toolchains/XcodeDefault.xctoolchain/usr/bin/clang++ -arch x86_64 -isysroot /Applications/Xcode.app/Contents/Developer/Platforms/MacOSX.platform/Developer/SDKs/MacOSX10.7.sdk -L/Users/akram/Developer/pangolin-hdr/build/CMakeFiles/CMakeTmp/Debug -F/Users/akram/Developer/pangolin-hdr/build/CMakeFiles/CMakeTmp/Debug -filelist /Users/akram/Developer/pangolin-hdr/build/CMakeFiles/CMakeTmp/CMAKE_TRY_COMPILE.build/Debug/cmTryCompileExec1762765284.build/Objects-normal/x86_64/cmTryCompileExec1762765284.LinkFileList -mmacosx-version-min=10.7 -v -Wl,-search_paths_first -Wl,-headerpad_max_install_names -o /Users/akram/Developer/pangolin-hdr/build/CMakeFiles/CMakeTmp/Debug/cmTryCompileExec1762765284
Apple clang version 3.1 (tags/Apple/clang-318.0.61) (based on LLVM 3.1svn)
Target: x86_64-apple-darwin11.4.0
Thread model: posix
 "/Applications/Xcode.app/Contents/Developer/Toolchains/XcodeDefault.xctoolchain/usr/bin/ld" -demangle -dynamic -arch x86_64 -macosx_version_min 10.7.0 -syslibroot /Applications/Xcode.app/Contents/Developer/Platforms/MacOSX.platform/Developer/SDKs/MacOSX10.7.sdk -o /Users/akram/Developer/pangolin-hdr/build/CMakeFiles/CMakeTmp/Debug/cmTryCompileExec1762765284 -lcrt1.10.6.o -L/Users/akram/Developer/pangolin-hdr/build/CMakeFiles/CMakeTmp/Debug -filelist /Users/akram/Developer/pangolin-hdr/build/CMakeFiles/CMakeTmp/CMAKE_TRY_COMPILE.build/Debug/cmTryCompileExec1762765284.build/Objects-normal/x86_64/cmTryCompileExec1762765284.LinkFileList -search_paths_first -headerpad_max_install_names -lstdc++ -lSystem /Applications/Xcode.app/Contents/Developer/Toolchains/XcodeDefault.xctoolchain/usr/bin/../lib/clang/3.1/lib/darwin/libclang_rt.osx.a -F/Users/akram/Developer/pangolin-hdr/build/CMakeFiles/CMakeTmp/Debug

PhaseScriptExecution "CMake PostBuild Rules" CMAKE_TRY_COMPILE.build/Debug/cmTryCompileExec1762765284.build/Script-A2DA2082326945939568D149.sh
    cd /Users/akram/Developer/pangolin-hdr/build/CMakeFiles/CMakeTmp
    /bin/sh -c /Users/akram/Developer/pangolin-hdr/build/CMakeFiles/CMakeTmp/CMAKE_TRY_COMPILE.build/Debug/cmTryCompileExec1762765284.build/Script-A2DA2082326945939568D149.sh
echo "Depend check for xcode"
Depend check for xcode
cd /Users/akram/Developer/pangolin-hdr/build/CMakeFiles/CMakeTmp && make -C /Users/akram/Developer/pangolin-hdr/build/CMakeFiles/CMakeTmp -f /Users/akram/Developer/pangolin-hdr/build/CMakeFiles/CMakeTmp/CMakeScripts/XCODE_DEPEND_HELPER.make PostBuild.cmTryCompileExec1762765284.Debug
make[1]: Nothing to be done for `PostBuild.cmTryCompileExec1762765284.Debug'.


** BUILD SUCCEEDED **



